2023-08-09 18:34:57,929 CRIT Supervisor is running as root.  Privileges were not dropped because no user is specified in the config file.  If you intend to run as root, you can set user=root in the config file to avoid this message.
2023-08-09 18:34:57,935 INFO RPC interface 'supervisor' initialized
2023-08-09 18:34:57,935 CRIT Server 'inet_http_server' running without any HTTP authentication checking
2023-08-09 18:34:57,935 INFO supervisord started with pid 1
2023-08-09 18:34:58,941 INFO spawned: 'dramatiq' with pid 135
2023-08-09 18:34:58,944 INFO spawned: 'gunicorn' with pid 136
2023-08-09 18:34:58,945 INFO spawned: 'nginx' with pid 137
2023-08-09 18:35:04,778 INFO success: dramatiq entered RUNNING state, process has stayed up for > than 5 seconds (startsecs)
2023-08-09 18:35:04,778 INFO success: gunicorn entered RUNNING state, process has stayed up for > than 5 seconds (startsecs)
2023-08-09 18:35:04,779 INFO success: nginx entered RUNNING state, process has stayed up for > than 5 seconds (startsecs)
2023-08-09 19:26:57,639 WARN received SIGTERM indicating exit request
2023-08-09 19:26:57,639 INFO waiting for dramatiq, gunicorn, nginx to die
2023-08-09 19:26:57,679 INFO stopped: nginx (exit status 0)
2023-08-09 19:26:58,802 INFO stopped: gunicorn (exit status 0)
2023-08-09 19:27:00,931 INFO waiting for dramatiq to die
2023-08-09 19:27:01,005 INFO stopped: dramatiq (exit status 0)
2023-08-09 19:30:15,243 CRIT Supervisor is running as root.  Privileges were not dropped because no user is specified in the config file.  If you intend to run as root, you can set user=root in the config file to avoid this message.
2023-08-09 19:30:15,249 INFO RPC interface 'supervisor' initialized
2023-08-09 19:30:15,249 CRIT Server 'inet_http_server' running without any HTTP authentication checking
2023-08-09 19:30:15,249 INFO supervisord started with pid 1
2023-08-09 19:30:16,255 INFO spawned: 'dramatiq' with pid 104
2023-08-09 19:30:16,257 INFO spawned: 'gunicorn' with pid 105
2023-08-09 19:30:16,259 INFO spawned: 'nginx' with pid 106
2023-08-09 19:30:21,561 INFO success: dramatiq entered RUNNING state, process has stayed up for > than 5 seconds (startsecs)
2023-08-09 19:30:21,561 INFO success: gunicorn entered RUNNING state, process has stayed up for > than 5 seconds (startsecs)
2023-08-09 19:30:21,562 INFO success: nginx entered RUNNING state, process has stayed up for > than 5 seconds (startsecs)
2023-08-09 19:36:25,218 WARN received SIGTERM indicating exit request
2023-08-09 19:36:25,218 INFO waiting for dramatiq, gunicorn, nginx to die
2023-08-09 19:36:25,239 INFO stopped: nginx (exit status 0)
2023-08-09 19:36:26,483 INFO stopped: gunicorn (exit status 0)
2023-08-09 19:36:28,370 INFO waiting for dramatiq to die
2023-08-09 19:36:29,582 INFO stopped: dramatiq (exit status 0)
2023-08-09 19:36:31,985 CRIT Supervisor is running as root.  Privileges were not dropped because no user is specified in the config file.  If you intend to run as root, you can set user=root in the config file to avoid this message.
2023-08-09 19:36:31,990 INFO RPC interface 'supervisor' initialized
2023-08-09 19:36:31,990 CRIT Server 'inet_http_server' running without any HTTP authentication checking
2023-08-09 19:36:31,990 INFO supervisord started with pid 1
2023-08-09 19:36:32,996 INFO spawned: 'dramatiq' with pid 105
2023-08-09 19:36:32,998 INFO spawned: 'gunicorn' with pid 106
2023-08-09 19:36:32,999 INFO spawned: 'nginx' with pid 107
2023-08-09 19:36:38,396 INFO success: dramatiq entered RUNNING state, process has stayed up for > than 5 seconds (startsecs)
2023-08-09 19:36:38,396 INFO success: gunicorn entered RUNNING state, process has stayed up for > than 5 seconds (startsecs)
2023-08-09 19:36:38,397 INFO success: nginx entered RUNNING state, process has stayed up for > than 5 seconds (startsecs)
2023-08-09 19:39:18,039 WARN received SIGTERM indicating exit request
2023-08-09 19:39:18,039 INFO waiting for dramatiq, gunicorn, nginx to die
2023-08-09 19:39:18,070 INFO stopped: nginx (exit status 0)
2023-08-09 19:39:19,297 INFO stopped: gunicorn (exit status 0)
2023-08-09 19:39:21,491 INFO waiting for dramatiq to die
2023-08-09 19:39:21,499 INFO stopped: dramatiq (exit status 0)
2023-08-09 19:50:27,323 CRIT Supervisor is running as root.  Privileges were not dropped because no user is specified in the config file.  If you intend to run as root, you can set user=root in the config file to avoid this message.
2023-08-09 19:50:27,328 INFO RPC interface 'supervisor' initialized
2023-08-09 19:50:27,328 CRIT Server 'inet_http_server' running without any HTTP authentication checking
2023-08-09 19:50:27,328 INFO supervisord started with pid 1
2023-08-09 19:50:28,334 INFO spawned: 'dramatiq' with pid 103
2023-08-09 19:50:28,336 INFO spawned: 'gunicorn' with pid 104
2023-08-09 19:50:28,348 INFO spawned: 'nginx' with pid 105
2023-08-09 19:50:33,577 INFO success: dramatiq entered RUNNING state, process has stayed up for > than 5 seconds (startsecs)
2023-08-09 19:50:33,578 INFO success: gunicorn entered RUNNING state, process has stayed up for > than 5 seconds (startsecs)
2023-08-09 19:50:33,579 INFO success: nginx entered RUNNING state, process has stayed up for > than 5 seconds (startsecs)
2023-08-10 18:51:41,302 WARN received SIGTERM indicating exit request
2023-08-10 18:51:41,302 INFO waiting for dramatiq, gunicorn, nginx to die
2023-08-10 18:51:41,345 INFO stopped: nginx (exit status 0)
2023-08-10 18:51:42,642 INFO stopped: gunicorn (exit status 0)
2023-08-10 18:51:44,810 INFO waiting for dramatiq to die
2023-08-10 18:51:48,085 WARN killing 'dramatiq' (103) with SIGKILL
2023-08-10 18:51:48,086 INFO waiting for dramatiq to die
2023-08-10 18:51:48,094 INFO stopped: dramatiq (terminated by SIGKILL)
2023-08-10 18:53:02,464 CRIT Supervisor is running as root.  Privileges were not dropped because no user is specified in the config file.  If you intend to run as root, you can set user=root in the config file to avoid this message.
2023-08-10 18:53:02,472 INFO RPC interface 'supervisor' initialized
2023-08-10 18:53:02,472 CRIT Server 'inet_http_server' running without any HTTP authentication checking
2023-08-10 18:53:02,473 INFO supervisord started with pid 1
2023-08-10 18:53:03,475 INFO spawned: 'dramatiq' with pid 104
2023-08-10 18:53:03,476 INFO spawned: 'gunicorn' with pid 105
2023-08-10 18:53:03,477 INFO spawned: 'nginx' with pid 106
2023-08-10 18:53:09,457 INFO success: dramatiq entered RUNNING state, process has stayed up for > than 5 seconds (startsecs)
2023-08-10 18:53:09,457 INFO success: gunicorn entered RUNNING state, process has stayed up for > than 5 seconds (startsecs)
2023-08-10 18:53:09,457 INFO success: nginx entered RUNNING state, process has stayed up for > than 5 seconds (startsecs)
2023-08-11 13:17:41,455 WARN received SIGTERM indicating exit request
2023-08-11 13:17:41,455 INFO waiting for dramatiq, gunicorn, nginx to die
2023-08-11 13:17:41,496 INFO stopped: nginx (exit status 0)
2023-08-11 13:17:42,723 INFO stopped: gunicorn (exit status 0)
2023-08-11 13:17:44,703 INFO stopped: dramatiq (exit status 0)
2023-08-11 13:19:05,438 CRIT Supervisor is running as root.  Privileges were not dropped because no user is specified in the config file.  If you intend to run as root, you can set user=root in the config file to avoid this message.
2023-08-11 13:19:05,444 INFO RPC interface 'supervisor' initialized
2023-08-11 13:19:05,444 CRIT Server 'inet_http_server' running without any HTTP authentication checking
2023-08-11 13:19:05,444 INFO supervisord started with pid 1
2023-08-11 13:19:06,449 INFO spawned: 'dramatiq' with pid 104
2023-08-11 13:19:06,451 INFO spawned: 'gunicorn' with pid 105
2023-08-11 13:19:06,453 INFO spawned: 'nginx' with pid 106
2023-08-11 13:19:11,714 INFO success: dramatiq entered RUNNING state, process has stayed up for > than 5 seconds (startsecs)
2023-08-11 13:19:11,714 INFO success: gunicorn entered RUNNING state, process has stayed up for > than 5 seconds (startsecs)
2023-08-11 13:19:11,715 INFO success: nginx entered RUNNING state, process has stayed up for > than 5 seconds (startsecs)
2023-08-11 13:25:09,536 WARN received SIGTERM indicating exit request
2023-08-11 13:25:09,536 INFO waiting for dramatiq, gunicorn, nginx to die
2023-08-11 13:25:09,580 INFO stopped: nginx (exit status 0)
2023-08-11 13:25:10,705 INFO stopped: gunicorn (exit status 0)
2023-08-11 13:25:12,881 INFO waiting for dramatiq to die
2023-08-11 13:25:12,896 INFO stopped: dramatiq (exit status 0)
2023-08-11 13:30:40,251 CRIT Supervisor is running as root.  Privileges were not dropped because no user is specified in the config file.  If you intend to run as root, you can set user=root in the config file to avoid this message.
2023-08-11 13:30:40,257 INFO RPC interface 'supervisor' initialized
2023-08-11 13:30:40,257 CRIT Server 'inet_http_server' running without any HTTP authentication checking
2023-08-11 13:30:40,257 INFO supervisord started with pid 1
2023-08-11 13:30:41,263 INFO spawned: 'dramatiq' with pid 104
2023-08-11 13:30:41,265 INFO spawned: 'gunicorn' with pid 105
2023-08-11 13:30:41,267 INFO spawned: 'nginx' with pid 106
2023-08-11 13:30:46,513 INFO success: dramatiq entered RUNNING state, process has stayed up for > than 5 seconds (startsecs)
2023-08-11 13:30:46,513 INFO success: gunicorn entered RUNNING state, process has stayed up for > than 5 seconds (startsecs)
2023-08-11 13:30:46,513 INFO success: nginx entered RUNNING state, process has stayed up for > than 5 seconds (startsecs)
2023-08-11 14:44:57,017 WARN received SIGTERM indicating exit request
2023-08-11 14:44:57,017 INFO waiting for dramatiq, gunicorn, nginx to die
2023-08-11 14:44:57,060 INFO stopped: nginx (exit status 0)
2023-08-11 14:44:58,299 INFO stopped: gunicorn (exit status 0)
2023-08-11 14:45:00,035 INFO waiting for dramatiq to die
2023-08-11 14:45:01,054 INFO stopped: dramatiq (exit status 0)
2023-08-11 14:57:22,895 CRIT Supervisor is running as root.  Privileges were not dropped because no user is specified in the config file.  If you intend to run as root, you can set user=root in the config file to avoid this message.
2023-08-11 14:57:22,901 INFO RPC interface 'supervisor' initialized
2023-08-11 14:57:22,901 CRIT Server 'inet_http_server' running without any HTTP authentication checking
2023-08-11 14:57:22,901 INFO supervisord started with pid 1
2023-08-11 14:57:23,906 INFO spawned: 'dramatiq' with pid 185
2023-08-11 14:57:23,912 INFO spawned: 'gunicorn' with pid 186
2023-08-11 14:57:23,916 INFO spawned: 'nginx' with pid 187
2023-08-11 14:57:29,686 INFO success: dramatiq entered RUNNING state, process has stayed up for > than 5 seconds (startsecs)
2023-08-11 14:57:29,687 INFO success: gunicorn entered RUNNING state, process has stayed up for > than 5 seconds (startsecs)
2023-08-11 14:57:29,687 INFO success: nginx entered RUNNING state, process has stayed up for > than 5 seconds (startsecs)
2023-08-12 11:55:44,198 WARN received SIGTERM indicating exit request
2023-08-12 11:55:44,198 INFO waiting for dramatiq, gunicorn, nginx to die
2023-08-12 11:55:44,220 INFO stopped: nginx (exit status 0)
2023-08-12 11:55:45,340 INFO stopped: gunicorn (exit status 0)
2023-08-12 11:55:47,961 INFO waiting for dramatiq to die
2023-08-12 11:55:47,973 INFO stopped: dramatiq (exit status 0)
2023-08-12 11:59:40,237 CRIT Supervisor is running as root.  Privileges were not dropped because no user is specified in the config file.  If you intend to run as root, you can set user=root in the config file to avoid this message.
2023-08-12 11:59:40,242 INFO RPC interface 'supervisor' initialized
2023-08-12 11:59:40,242 CRIT Server 'inet_http_server' running without any HTTP authentication checking
2023-08-12 11:59:40,242 INFO supervisord started with pid 1
2023-08-12 11:59:41,248 INFO spawned: 'dramatiq' with pid 187
2023-08-12 11:59:41,255 INFO spawned: 'gunicorn' with pid 188
2023-08-12 11:59:41,262 INFO spawned: 'nginx' with pid 189
2023-08-12 11:59:47,148 INFO success: dramatiq entered RUNNING state, process has stayed up for > than 5 seconds (startsecs)
2023-08-12 11:59:47,148 INFO success: gunicorn entered RUNNING state, process has stayed up for > than 5 seconds (startsecs)
2023-08-12 11:59:47,148 INFO success: nginx entered RUNNING state, process has stayed up for > than 5 seconds (startsecs)
2023-08-12 12:00:55,761 WARN received SIGTERM indicating exit request
2023-08-12 12:00:55,761 INFO waiting for dramatiq, gunicorn, nginx to die
2023-08-12 12:00:55,776 INFO stopped: nginx (exit status 0)
2023-08-12 12:00:56,622 INFO stopped: gunicorn (exit status 0)
2023-08-12 12:00:59,045 INFO waiting for dramatiq to die
2023-08-12 12:01:00,297 INFO stopped: dramatiq (exit status 0)
2023-08-12 12:01:02,955 CRIT Supervisor is running as root.  Privileges were not dropped because no user is specified in the config file.  If you intend to run as root, you can set user=root in the config file to avoid this message.
2023-08-12 12:01:02,960 INFO RPC interface 'supervisor' initialized
2023-08-12 12:01:02,960 CRIT Server 'inet_http_server' running without any HTTP authentication checking
2023-08-12 12:01:02,960 INFO supervisord started with pid 1
2023-08-12 12:01:03,966 INFO spawned: 'dramatiq' with pid 187
2023-08-12 12:01:03,969 INFO spawned: 'gunicorn' with pid 188
2023-08-12 12:01:03,970 INFO spawned: 'nginx' with pid 189
2023-08-12 12:01:09,133 INFO success: dramatiq entered RUNNING state, process has stayed up for > than 5 seconds (startsecs)
2023-08-12 12:01:09,133 INFO success: gunicorn entered RUNNING state, process has stayed up for > than 5 seconds (startsecs)
2023-08-12 12:01:09,134 INFO success: nginx entered RUNNING state, process has stayed up for > than 5 seconds (startsecs)
2023-08-12 12:01:54,283 WARN received SIGTERM indicating exit request
2023-08-12 12:01:54,284 INFO waiting for dramatiq, gunicorn, nginx to die
2023-08-12 12:01:54,333 INFO stopped: nginx (exit status 0)
2023-08-12 12:01:55,558 INFO stopped: gunicorn (exit status 0)
2023-08-12 12:01:57,695 INFO waiting for dramatiq to die
2023-08-12 12:01:57,718 INFO stopped: dramatiq (exit status 0)
2023-08-12 12:05:44,504 CRIT Supervisor is running as root.  Privileges were not dropped because no user is specified in the config file.  If you intend to run as root, you can set user=root in the config file to avoid this message.
2023-08-12 12:05:44,509 INFO RPC interface 'supervisor' initialized
2023-08-12 12:05:44,509 CRIT Server 'inet_http_server' running without any HTTP authentication checking
2023-08-12 12:05:44,509 INFO supervisord started with pid 1
2023-08-12 12:05:45,515 INFO spawned: 'dramatiq' with pid 105
2023-08-12 12:05:45,517 INFO spawned: 'gunicorn' with pid 106
2023-08-12 12:05:45,518 INFO spawned: 'nginx' with pid 107
2023-08-12 12:05:50,786 INFO success: dramatiq entered RUNNING state, process has stayed up for > than 5 seconds (startsecs)
2023-08-12 12:05:50,786 INFO success: gunicorn entered RUNNING state, process has stayed up for > than 5 seconds (startsecs)
2023-08-12 12:05:50,786 INFO success: nginx entered RUNNING state, process has stayed up for > than 5 seconds (startsecs)
2024-08-09 11:52:16,139 CRIT Supervisor is running as root.  Privileges were not dropped because no user is specified in the config file.  If you intend to run as root, you can set user=root in the config file to avoid this message.
2024-08-09 11:52:16,152 INFO RPC interface 'supervisor' initialized
2024-08-09 11:52:16,154 CRIT Server 'inet_http_server' running without any HTTP authentication checking
2024-08-09 11:52:16,154 INFO supervisord started with pid 1
2024-08-09 11:52:17,156 INFO spawned: 'dramatiq' with pid 173
2024-08-09 11:52:17,158 INFO spawned: 'gunicorn' with pid 174
2024-08-09 11:52:17,159 INFO spawned: 'nginx' with pid 175
2024-08-09 11:52:22,911 INFO success: dramatiq entered RUNNING state, process has stayed up for > than 5 seconds (startsecs)
2024-08-09 11:52:22,912 INFO success: gunicorn entered RUNNING state, process has stayed up for > than 5 seconds (startsecs)
2024-08-09 11:52:22,912 INFO success: nginx entered RUNNING state, process has stayed up for > than 5 seconds (startsecs)
2024-08-09 12:27:26,578 WARN received SIGTERM indicating exit request
2024-08-09 12:27:26,578 INFO waiting for dramatiq, gunicorn, nginx to die
2024-08-09 12:27:26,613 INFO stopped: nginx (exit status 0)
2024-08-09 12:27:27,737 INFO stopped: gunicorn (exit status 0)
2024-08-09 12:27:29,956 INFO waiting for dramatiq to die
2024-08-09 12:27:33,480 WARN killing 'dramatiq' (173) with SIGKILL
2024-08-09 12:27:33,480 INFO stopped: dramatiq (exit status 0)
2024-08-11 13:31:30,651 CRIT Supervisor is running as root.  Privileges were not dropped because no user is specified in the config file.  If you intend to run as root, you can set user=root in the config file to avoid this message.
2024-08-11 13:31:30,659 INFO RPC interface 'supervisor' initialized
2024-08-11 13:31:30,660 CRIT Server 'inet_http_server' running without any HTTP authentication checking
2024-08-11 13:31:30,660 INFO supervisord started with pid 1
2024-08-11 13:31:31,665 INFO spawned: 'dramatiq' with pid 173
2024-08-11 13:31:31,668 INFO spawned: 'gunicorn' with pid 174
2024-08-11 13:31:31,669 INFO spawned: 'nginx' with pid 175
2024-08-11 13:31:37,272 INFO success: dramatiq entered RUNNING state, process has stayed up for > than 5 seconds (startsecs)
2024-08-11 13:31:37,272 INFO success: gunicorn entered RUNNING state, process has stayed up for > than 5 seconds (startsecs)
2024-08-11 13:31:37,273 INFO success: nginx entered RUNNING state, process has stayed up for > than 5 seconds (startsecs)
2024-08-11 16:53:18,943 WARN received SIGTERM indicating exit request
2024-08-11 16:53:18,943 INFO waiting for dramatiq, gunicorn, nginx to die
2024-08-11 16:53:18,968 INFO stopped: nginx (exit status 0)
2024-08-11 16:53:20,259 INFO stopped: gunicorn (exit status 0)
2024-08-11 16:53:22,433 INFO waiting for dramatiq to die
2024-08-11 16:53:23,533 INFO stopped: dramatiq (exit status 0)
2024-08-12 11:01:27,278 CRIT Supervisor is running as root.  Privileges were not dropped because no user is specified in the config file.  If you intend to run as root, you can set user=root in the config file to avoid this message.
2024-08-12 11:01:27,287 INFO RPC interface 'supervisor' initialized
2024-08-12 11:01:27,288 CRIT Server 'inet_http_server' running without any HTTP authentication checking
2024-08-12 11:01:27,288 INFO supervisord started with pid 1
2024-08-12 11:01:28,293 INFO spawned: 'dramatiq' with pid 174
2024-08-12 11:01:28,300 INFO spawned: 'gunicorn' with pid 175
2024-08-12 11:01:28,307 INFO spawned: 'nginx' with pid 176
2024-08-12 11:01:33,736 INFO success: dramatiq entered RUNNING state, process has stayed up for > than 5 seconds (startsecs)
2024-08-12 11:01:33,736 INFO success: gunicorn entered RUNNING state, process has stayed up for > than 5 seconds (startsecs)
2024-08-12 11:01:33,737 INFO success: nginx entered RUNNING state, process has stayed up for > than 5 seconds (startsecs)
2025-02-04 09:35:01,159 CRIT Supervisor is running as root.  Privileges were not dropped because no user is specified in the config file.  If you intend to run as root, you can set user=root in the config file to avoid this message.
2025-02-04 09:35:01,168 INFO RPC interface 'supervisor' initialized
2025-02-04 09:35:01,168 CRIT Server 'inet_http_server' running without any HTTP authentication checking
2025-02-04 09:35:01,168 INFO supervisord started with pid 1
2025-02-04 09:35:01,498 INFO spawned: 'dramatiq' with pid 129
2025-02-04 09:35:01,499 INFO spawned: 'gunicorn' with pid 130
2025-02-04 09:35:01,501 INFO spawned: 'nginx' with pid 131
2025-02-04 09:35:06,645 INFO success: dramatiq entered RUNNING state, process has stayed up for > than 5 seconds (startsecs)
2025-02-04 09:35:06,645 INFO success: gunicorn entered RUNNING state, process has stayed up for > than 5 seconds (startsecs)
2025-02-04 09:35:06,645 INFO success: nginx entered RUNNING state, process has stayed up for > than 5 seconds (startsecs)
2025-02-04 10:08:18,598 WARN received SIGTERM indicating exit request
2025-02-04 10:08:18,599 INFO waiting for dramatiq, gunicorn, nginx to die
2025-02-04 10:08:19,650 INFO stopped: nginx (exit status 0)
2025-02-04 10:08:20,809 INFO stopped: gunicorn (exit status 0)
2025-02-04 10:08:21,649 INFO waiting for dramatiq to die
2025-02-04 10:08:23,671 INFO stopped: dramatiq (exit status 0)
2025-02-04 10:08:51,800 CRIT Supervisor is running as root.  Privileges were not dropped because no user is specified in the config file.  If you intend to run as root, you can set user=root in the config file to avoid this message.
2025-02-04 10:08:51,808 INFO RPC interface 'supervisor' initialized
2025-02-04 10:08:51,808 CRIT Server 'inet_http_server' running without any HTTP authentication checking
2025-02-04 10:08:51,808 INFO supervisord started with pid 1
2025-02-04 10:08:52,813 INFO spawned: 'dramatiq' with pid 106
2025-02-04 10:08:52,816 INFO spawned: 'gunicorn' with pid 107
2025-02-04 10:08:52,820 INFO spawned: 'nginx' with pid 108
2025-02-04 10:08:57,940 INFO success: dramatiq entered RUNNING state, process has stayed up for > than 5 seconds (startsecs)
2025-02-04 10:08:57,940 INFO success: gunicorn entered RUNNING state, process has stayed up for > than 5 seconds (startsecs)
2025-02-04 10:08:57,941 INFO success: nginx entered RUNNING state, process has stayed up for > than 5 seconds (startsecs)
2025-02-04 10:17:07,809 WARN received SIGTERM indicating exit request
2025-02-04 10:17:07,810 INFO waiting for dramatiq, gunicorn, nginx to die
2025-02-04 10:17:07,854 INFO stopped: nginx (exit status 0)
2025-02-04 10:17:09,003 INFO stopped: gunicorn (exit status 0)
2025-02-04 10:17:10,886 INFO waiting for dramatiq to die
2025-02-04 10:17:11,931 INFO stopped: dramatiq (exit status 0)
2025-02-04 10:17:38,691 CRIT Supervisor is running as root.  Privileges were not dropped because no user is specified in the config file.  If you intend to run as root, you can set user=root in the config file to avoid this message.
2025-02-04 10:17:38,699 INFO RPC interface 'supervisor' initialized
2025-02-04 10:17:38,699 CRIT Server 'inet_http_server' running without any HTTP authentication checking
2025-02-04 10:17:38,699 INFO supervisord started with pid 1
2025-02-04 10:17:39,712 INFO spawned: 'dramatiq' with pid 107
2025-02-04 10:17:39,716 INFO spawned: 'gunicorn' with pid 108
2025-02-04 10:17:39,719 INFO spawned: 'nginx' with pid 109
2025-02-04 10:17:44,873 INFO success: dramatiq entered RUNNING state, process has stayed up for > than 5 seconds (startsecs)
2025-02-04 10:17:44,874 INFO success: gunicorn entered RUNNING state, process has stayed up for > than 5 seconds (startsecs)
2025-02-04 10:17:44,875 INFO success: nginx entered RUNNING state, process has stayed up for > than 5 seconds (startsecs)
2025-02-04 10:22:00,020 WARN received SIGTERM indicating exit request
2025-02-04 10:22:00,022 INFO waiting for dramatiq, gunicorn, nginx to die
2025-02-04 10:22:00,080 INFO stopped: nginx (exit status 0)
2025-02-04 10:22:01,240 INFO stopped: gunicorn (exit status 0)
2025-02-04 10:22:03,212 INFO waiting for dramatiq to die
2025-02-04 10:22:04,249 INFO stopped: dramatiq (exit status 0)
2025-02-04 10:22:18,694 CRIT Supervisor is running as root.  Privileges were not dropped because no user is specified in the config file.  If you intend to run as root, you can set user=root in the config file to avoid this message.
2025-02-04 10:22:18,706 INFO RPC interface 'supervisor' initialized
2025-02-04 10:22:18,706 CRIT Server 'inet_http_server' running without any HTTP authentication checking
2025-02-04 10:22:18,707 INFO supervisord started with pid 1
2025-02-04 10:22:19,720 INFO spawned: 'dramatiq' with pid 107
2025-02-04 10:22:19,723 INFO spawned: 'gunicorn' with pid 108
2025-02-04 10:22:19,725 INFO spawned: 'nginx' with pid 109
2025-02-04 10:22:25,030 INFO success: dramatiq entered RUNNING state, process has stayed up for > than 5 seconds (startsecs)
2025-02-04 10:22:25,031 INFO success: gunicorn entered RUNNING state, process has stayed up for > than 5 seconds (startsecs)
2025-02-04 10:22:25,031 INFO success: nginx entered RUNNING state, process has stayed up for > than 5 seconds (startsecs)
2025-02-04 10:26:49,007 WARN received SIGTERM indicating exit request
2025-02-04 10:26:49,008 INFO waiting for dramatiq, gunicorn, nginx to die
2025-02-04 10:26:49,056 INFO stopped: nginx (exit status 0)
2025-02-04 10:26:50,212 INFO stopped: gunicorn (exit status 0)
2025-02-04 10:26:52,165 INFO waiting for dramatiq to die
2025-02-04 10:26:52,748 INFO stopped: dramatiq (exit status 0)
2025-02-04 10:28:44,212 CRIT Supervisor is running as root.  Privileges were not dropped because no user is specified in the config file.  If you intend to run as root, you can set user=root in the config file to avoid this message.
2025-02-04 10:28:44,221 INFO RPC interface 'supervisor' initialized
2025-02-04 10:28:44,221 CRIT Server 'inet_http_server' running without any HTTP authentication checking
2025-02-04 10:28:44,221 INFO supervisord started with pid 1
2025-02-04 10:28:45,232 INFO spawned: 'dramatiq' with pid 107
2025-02-04 10:28:45,235 INFO spawned: 'gunicorn' with pid 108
2025-02-04 10:28:45,238 INFO spawned: 'nginx' with pid 109
2025-02-04 10:28:50,556 INFO success: dramatiq entered RUNNING state, process has stayed up for > than 5 seconds (startsecs)
2025-02-04 10:28:50,557 INFO success: gunicorn entered RUNNING state, process has stayed up for > than 5 seconds (startsecs)
2025-02-04 10:28:50,557 INFO success: nginx entered RUNNING state, process has stayed up for > than 5 seconds (startsecs)
2025-02-04 11:18:13,318 WARN received SIGTERM indicating exit request
2025-02-04 11:18:13,319 INFO waiting for dramatiq, gunicorn, nginx to die
2025-02-04 11:18:13,374 INFO stopped: nginx (exit status 0)
2025-02-04 11:18:14,524 INFO stopped: gunicorn (exit status 0)
2025-02-04 11:18:16,362 INFO waiting for dramatiq to die
2025-02-04 11:18:17,469 INFO stopped: dramatiq (exit status 0)
2025-02-04 11:18:43,894 CRIT Supervisor is running as root.  Privileges were not dropped because no user is specified in the config file.  If you intend to run as root, you can set user=root in the config file to avoid this message.
2025-02-04 11:18:43,902 INFO RPC interface 'supervisor' initialized
2025-02-04 11:18:43,903 CRIT Server 'inet_http_server' running without any HTTP authentication checking
2025-02-04 11:18:43,903 INFO supervisord started with pid 1
2025-02-04 11:18:44,915 INFO spawned: 'dramatiq' with pid 107
2025-02-04 11:18:44,918 INFO spawned: 'gunicorn' with pid 108
2025-02-04 11:18:44,919 INFO spawned: 'nginx' with pid 109
2025-02-04 11:18:50,020 INFO success: dramatiq entered RUNNING state, process has stayed up for > than 5 seconds (startsecs)
2025-02-04 11:18:50,022 INFO success: gunicorn entered RUNNING state, process has stayed up for > than 5 seconds (startsecs)
2025-02-04 11:18:50,022 INFO success: nginx entered RUNNING state, process has stayed up for > than 5 seconds (startsecs)
2025-02-04 11:25:56,517 WARN received SIGTERM indicating exit request
2025-02-04 11:25:56,517 INFO waiting for dramatiq, gunicorn, nginx to die
2025-02-04 11:25:56,553 INFO stopped: nginx (exit status 0)
2025-02-04 11:25:57,692 INFO stopped: gunicorn (exit status 0)
2025-02-04 11:26:00,315 INFO waiting for dramatiq to die
2025-02-04 11:26:00,348 INFO stopped: dramatiq (exit status 0)
2025-02-04 11:26:28,114 CRIT Supervisor is running as root.  Privileges were not dropped because no user is specified in the config file.  If you intend to run as root, you can set user=root in the config file to avoid this message.
2025-02-04 11:26:28,122 INFO RPC interface 'supervisor' initialized
2025-02-04 11:26:28,122 CRIT Server 'inet_http_server' running without any HTTP authentication checking
2025-02-04 11:26:28,122 INFO supervisord started with pid 1
2025-02-04 11:26:29,137 INFO spawned: 'dramatiq' with pid 107
2025-02-04 11:26:29,143 INFO spawned: 'gunicorn' with pid 108
2025-02-04 11:26:29,146 INFO spawned: 'nginx' with pid 109
2025-02-04 11:26:34,255 INFO success: dramatiq entered RUNNING state, process has stayed up for > than 5 seconds (startsecs)
2025-02-04 11:26:34,255 INFO success: gunicorn entered RUNNING state, process has stayed up for > than 5 seconds (startsecs)
2025-02-04 11:26:34,255 INFO success: nginx entered RUNNING state, process has stayed up for > than 5 seconds (startsecs)
2025-02-04 11:37:47,763 WARN received SIGTERM indicating exit request
2025-02-04 11:37:47,763 INFO waiting for dramatiq, gunicorn, nginx to die
2025-02-04 11:37:47,812 INFO stopped: nginx (exit status 0)
2025-02-04 11:37:48,976 INFO stopped: gunicorn (exit status 0)
2025-02-04 11:37:51,171 INFO waiting for dramatiq to die
2025-02-04 11:37:51,204 INFO stopped: dramatiq (exit status 0)
2025-02-04 11:38:11,340 CRIT Supervisor is running as root.  Privileges were not dropped because no user is specified in the config file.  If you intend to run as root, you can set user=root in the config file to avoid this message.
2025-02-04 11:38:11,348 INFO RPC interface 'supervisor' initialized
2025-02-04 11:38:11,349 CRIT Server 'inet_http_server' running without any HTTP authentication checking
2025-02-04 11:38:11,349 INFO supervisord started with pid 1
2025-02-04 11:38:12,354 INFO spawned: 'dramatiq' with pid 107
2025-02-04 11:38:12,357 INFO spawned: 'gunicorn' with pid 108
2025-02-04 11:38:12,364 INFO spawned: 'nginx' with pid 109
2025-02-04 11:38:17,852 INFO success: dramatiq entered RUNNING state, process has stayed up for > than 5 seconds (startsecs)
2025-02-04 11:38:17,852 INFO success: gunicorn entered RUNNING state, process has stayed up for > than 5 seconds (startsecs)
2025-02-04 11:38:17,852 INFO success: nginx entered RUNNING state, process has stayed up for > than 5 seconds (startsecs)
2025-02-04 12:20:31,335 WARN received SIGTERM indicating exit request
2025-02-04 12:20:31,336 INFO waiting for dramatiq, gunicorn, nginx to die
2025-02-04 12:20:31,407 INFO stopped: nginx (exit status 0)
2025-02-04 12:20:32,549 INFO stopped: gunicorn (exit status 0)
2025-02-04 12:20:34,338 INFO waiting for dramatiq to die
2025-02-04 12:20:35,504 INFO stopped: dramatiq (exit status 0)
2025-02-04 12:23:14,310 CRIT Supervisor is running as root.  Privileges were not dropped because no user is specified in the config file.  If you intend to run as root, you can set user=root in the config file to avoid this message.
2025-02-04 12:23:14,319 INFO RPC interface 'supervisor' initialized
2025-02-04 12:23:14,320 CRIT Server 'inet_http_server' running without any HTTP authentication checking
2025-02-04 12:23:14,320 INFO supervisord started with pid 1
2025-02-04 12:23:15,329 INFO spawned: 'dramatiq' with pid 29
2025-02-04 12:23:15,331 INFO spawned: 'gunicorn' with pid 30
2025-02-04 12:23:15,332 INFO spawned: 'nginx' with pid 31
2025-02-04 12:23:21,121 INFO success: dramatiq entered RUNNING state, process has stayed up for > than 5 seconds (startsecs)
2025-02-04 12:23:21,122 INFO success: gunicorn entered RUNNING state, process has stayed up for > than 5 seconds (startsecs)
2025-02-04 12:23:21,123 INFO success: nginx entered RUNNING state, process has stayed up for > than 5 seconds (startsecs)
2025-02-04 12:32:24,158 WARN received SIGTERM indicating exit request
2025-02-04 12:32:24,161 INFO waiting for dramatiq, gunicorn, nginx to die
2025-02-04 12:32:24,212 INFO stopped: nginx (exit status 0)
2025-02-04 12:32:25,355 INFO stopped: gunicorn (exit status 0)
2025-02-04 12:32:27,945 INFO waiting for dramatiq to die
2025-02-04 12:32:27,962 INFO stopped: dramatiq (exit status 0)
2025-02-04 12:32:52,161 CRIT Supervisor is running as root.  Privileges were not dropped because no user is specified in the config file.  If you intend to run as root, you can set user=root in the config file to avoid this message.
2025-02-04 12:32:52,169 INFO RPC interface 'supervisor' initialized
2025-02-04 12:32:52,169 CRIT Server 'inet_http_server' running without any HTTP authentication checking
2025-02-04 12:32:52,169 INFO supervisord started with pid 1
2025-02-04 12:32:53,179 INFO spawned: 'dramatiq' with pid 107
2025-02-04 12:32:53,183 INFO spawned: 'gunicorn' with pid 108
2025-02-04 12:32:53,187 INFO spawned: 'nginx' with pid 109
2025-02-04 12:32:58,271 INFO success: dramatiq entered RUNNING state, process has stayed up for > than 5 seconds (startsecs)
2025-02-04 12:32:58,271 INFO success: gunicorn entered RUNNING state, process has stayed up for > than 5 seconds (startsecs)
2025-02-04 12:32:58,272 INFO success: nginx entered RUNNING state, process has stayed up for > than 5 seconds (startsecs)
2025-02-04 12:47:52,462 WARN received SIGTERM indicating exit request
2025-02-04 12:47:52,463 INFO waiting for dramatiq, gunicorn, nginx to die
2025-02-04 12:47:52,509 INFO stopped: nginx (exit status 0)
2025-02-04 12:47:53,658 INFO stopped: gunicorn (exit status 0)
2025-02-04 12:47:55,488 INFO waiting for dramatiq to die
2025-02-04 12:47:56,514 INFO stopped: dramatiq (exit status 0)
2025-02-04 12:48:16,741 CRIT Supervisor is running as root.  Privileges were not dropped because no user is specified in the config file.  If you intend to run as root, you can set user=root in the config file to avoid this message.
2025-02-04 12:48:16,749 INFO RPC interface 'supervisor' initialized
2025-02-04 12:48:16,749 CRIT Server 'inet_http_server' running without any HTTP authentication checking
2025-02-04 12:48:16,750 INFO supervisord started with pid 1
2025-02-04 12:48:17,606 INFO spawned: 'dramatiq' with pid 113
2025-02-04 12:48:17,607 INFO spawned: 'gunicorn' with pid 114
2025-02-04 12:48:17,609 INFO spawned: 'nginx' with pid 115
2025-02-04 12:48:22,725 INFO success: dramatiq entered RUNNING state, process has stayed up for > than 5 seconds (startsecs)
2025-02-04 12:48:22,726 INFO success: gunicorn entered RUNNING state, process has stayed up for > than 5 seconds (startsecs)
2025-02-04 12:48:22,726 INFO success: nginx entered RUNNING state, process has stayed up for > than 5 seconds (startsecs)
2025-02-04 15:08:56,338 WARN received SIGTERM indicating exit request
2025-02-04 15:08:56,339 INFO waiting for dramatiq, gunicorn, nginx to die
2025-02-04 15:08:56,385 INFO stopped: nginx (exit status 0)
2025-02-04 15:08:57,531 INFO stopped: gunicorn (exit status 0)
2025-02-04 15:08:59,341 INFO waiting for dramatiq to die
2025-02-04 15:09:00,391 INFO stopped: dramatiq (exit status 0)
2025-02-04 15:09:24,197 CRIT Supervisor is running as root.  Privileges were not dropped because no user is specified in the config file.  If you intend to run as root, you can set user=root in the config file to avoid this message.
2025-02-04 15:09:24,205 INFO RPC interface 'supervisor' initialized
2025-02-04 15:09:24,206 CRIT Server 'inet_http_server' running without any HTTP authentication checking
2025-02-04 15:09:24,206 INFO supervisord started with pid 1
2025-02-04 15:09:25,087 INFO spawned: 'dramatiq' with pid 113
2025-02-04 15:09:25,089 INFO spawned: 'gunicorn' with pid 114
2025-02-04 15:09:25,090 INFO spawned: 'nginx' with pid 115
2025-02-04 15:09:30,235 INFO success: dramatiq entered RUNNING state, process has stayed up for > than 5 seconds (startsecs)
2025-02-04 15:09:30,235 INFO success: gunicorn entered RUNNING state, process has stayed up for > than 5 seconds (startsecs)
2025-02-04 15:09:30,235 INFO success: nginx entered RUNNING state, process has stayed up for > than 5 seconds (startsecs)
2025-02-05 08:37:09,715 WARN received SIGTERM indicating exit request
2025-02-05 08:37:09,716 INFO waiting for dramatiq, gunicorn, nginx to die
2025-02-05 08:37:09,894 INFO stopped: nginx (exit status 0)
2025-02-05 08:37:10,933 INFO stopped: gunicorn (exit status 0)
2025-02-05 08:37:12,826 INFO waiting for dramatiq to die
2025-02-05 08:37:13,978 INFO stopped: dramatiq (exit status 0)
2025-02-05 08:38:28,079 CRIT Supervisor is running as root.  Privileges were not dropped because no user is specified in the config file.  If you intend to run as root, you can set user=root in the config file to avoid this message.
2025-02-05 08:38:28,090 INFO RPC interface 'supervisor' initialized
2025-02-05 08:38:28,090 CRIT Server 'inet_http_server' running without any HTTP authentication checking
2025-02-05 08:38:28,091 INFO supervisord started with pid 1
2025-02-05 08:38:29,074 INFO spawned: 'dramatiq' with pid 113
2025-02-05 08:38:29,075 INFO spawned: 'gunicorn' with pid 114
2025-02-05 08:38:29,077 INFO spawned: 'nginx' with pid 115
2025-02-05 08:38:34,215 INFO success: dramatiq entered RUNNING state, process has stayed up for > than 5 seconds (startsecs)
2025-02-05 08:38:34,215 INFO success: gunicorn entered RUNNING state, process has stayed up for > than 5 seconds (startsecs)
2025-02-05 08:38:34,215 INFO success: nginx entered RUNNING state, process has stayed up for > than 5 seconds (startsecs)
2025-02-05 08:47:39,862 WARN received SIGTERM indicating exit request
2025-02-05 08:47:39,862 INFO waiting for dramatiq, gunicorn, nginx to die
2025-02-05 08:47:40,913 INFO stopped: nginx (exit status 0)
2025-02-05 08:47:42,064 INFO stopped: gunicorn (exit status 0)
2025-02-05 08:47:42,863 INFO waiting for dramatiq to die
2025-02-05 08:47:44,271 INFO stopped: dramatiq (exit status 0)
2025-02-05 08:48:02,108 CRIT Supervisor is running as root.  Privileges were not dropped because no user is specified in the config file.  If you intend to run as root, you can set user=root in the config file to avoid this message.
2025-02-05 08:48:02,116 INFO RPC interface 'supervisor' initialized
2025-02-05 08:48:02,116 CRIT Server 'inet_http_server' running without any HTTP authentication checking
2025-02-05 08:48:02,117 INFO supervisord started with pid 1
2025-02-05 08:48:03,123 INFO spawned: 'dramatiq' with pid 107
2025-02-05 08:48:03,125 INFO spawned: 'gunicorn' with pid 108
2025-02-05 08:48:03,127 INFO spawned: 'nginx' with pid 109
2025-02-05 08:48:08,300 INFO success: dramatiq entered RUNNING state, process has stayed up for > than 5 seconds (startsecs)
2025-02-05 08:48:08,301 INFO success: gunicorn entered RUNNING state, process has stayed up for > than 5 seconds (startsecs)
2025-02-05 08:48:08,301 INFO success: nginx entered RUNNING state, process has stayed up for > than 5 seconds (startsecs)
2025-02-05 08:57:03,039 WARN received SIGTERM indicating exit request
2025-02-05 08:57:03,039 INFO waiting for dramatiq, gunicorn, nginx to die
2025-02-05 08:57:03,099 INFO stopped: nginx (exit status 0)
2025-02-05 08:57:04,239 INFO stopped: gunicorn (exit status 0)
2025-02-05 08:57:06,732 INFO waiting for dramatiq to die
2025-02-05 08:57:06,764 INFO stopped: dramatiq (exit status 0)
2025-02-05 08:57:25,434 CRIT Supervisor is running as root.  Privileges were not dropped because no user is specified in the config file.  If you intend to run as root, you can set user=root in the config file to avoid this message.
2025-02-05 08:57:25,443 INFO RPC interface 'supervisor' initialized
2025-02-05 08:57:25,443 CRIT Server 'inet_http_server' running without any HTTP authentication checking
2025-02-05 08:57:25,443 INFO supervisord started with pid 1
2025-02-05 08:57:26,452 INFO spawned: 'dramatiq' with pid 107
2025-02-05 08:57:26,455 INFO spawned: 'gunicorn' with pid 108
2025-02-05 08:57:26,458 INFO spawned: 'nginx' with pid 109
2025-02-05 08:57:31,577 INFO success: dramatiq entered RUNNING state, process has stayed up for > than 5 seconds (startsecs)
2025-02-05 08:57:31,579 INFO success: gunicorn entered RUNNING state, process has stayed up for > than 5 seconds (startsecs)
2025-02-05 08:57:31,579 INFO success: nginx entered RUNNING state, process has stayed up for > than 5 seconds (startsecs)
2025-02-05 09:05:55,257 WARN received SIGTERM indicating exit request
2025-02-05 09:05:55,258 INFO waiting for dramatiq, gunicorn, nginx to die
2025-02-05 09:05:55,386 INFO stopped: nginx (exit status 0)
2025-02-05 09:05:56,416 INFO stopped: gunicorn (exit status 0)
2025-02-05 09:05:58,883 INFO waiting for dramatiq to die
2025-02-05 09:05:58,910 INFO stopped: dramatiq (exit status 0)
2025-02-05 09:06:16,200 CRIT Supervisor is running as root.  Privileges were not dropped because no user is specified in the config file.  If you intend to run as root, you can set user=root in the config file to avoid this message.
2025-02-05 09:06:16,209 INFO RPC interface 'supervisor' initialized
2025-02-05 09:06:16,209 CRIT Server 'inet_http_server' running without any HTTP authentication checking
2025-02-05 09:06:16,209 INFO supervisord started with pid 1
2025-02-05 09:06:17,221 INFO spawned: 'dramatiq' with pid 107
2025-02-05 09:06:17,225 INFO spawned: 'gunicorn' with pid 108
2025-02-05 09:06:17,232 INFO spawned: 'nginx' with pid 109
2025-02-05 09:06:22,413 INFO success: dramatiq entered RUNNING state, process has stayed up for > than 5 seconds (startsecs)
2025-02-05 09:06:22,413 INFO success: gunicorn entered RUNNING state, process has stayed up for > than 5 seconds (startsecs)
2025-02-05 09:06:22,414 INFO success: nginx entered RUNNING state, process has stayed up for > than 5 seconds (startsecs)
2025-02-05 10:35:51,686 WARN received SIGTERM indicating exit request
2025-02-05 10:35:51,686 INFO waiting for dramatiq, gunicorn, nginx to die
2025-02-05 10:35:51,741 INFO stopped: nginx (exit status 0)
2025-02-05 10:35:52,883 INFO stopped: gunicorn (exit status 0)
2025-02-05 10:35:55,286 INFO waiting for dramatiq to die
2025-02-05 10:35:55,316 INFO stopped: dramatiq (exit status 0)
2025-02-05 10:36:13,015 CRIT Supervisor is running as root.  Privileges were not dropped because no user is specified in the config file.  If you intend to run as root, you can set user=root in the config file to avoid this message.
2025-02-05 10:36:13,023 INFO RPC interface 'supervisor' initialized
2025-02-05 10:36:13,023 CRIT Server 'inet_http_server' running without any HTTP authentication checking
2025-02-05 10:36:13,024 INFO supervisord started with pid 1
2025-02-05 10:36:14,030 INFO spawned: 'dramatiq' with pid 107
2025-02-05 10:36:14,031 INFO spawned: 'gunicorn' with pid 108
2025-02-05 10:36:14,033 INFO spawned: 'nginx' with pid 109
2025-02-05 10:36:19,190 INFO success: dramatiq entered RUNNING state, process has stayed up for > than 5 seconds (startsecs)
2025-02-05 10:36:19,191 INFO success: gunicorn entered RUNNING state, process has stayed up for > than 5 seconds (startsecs)
2025-02-05 10:36:19,192 INFO success: nginx entered RUNNING state, process has stayed up for > than 5 seconds (startsecs)
2025-02-05 11:07:00,032 WARN received SIGTERM indicating exit request
2025-02-05 11:07:00,034 INFO waiting for dramatiq, gunicorn, nginx to die
2025-02-05 11:07:01,087 INFO stopped: nginx (exit status 0)
2025-02-05 11:07:02,242 INFO stopped: gunicorn (exit status 0)
2025-02-05 11:07:03,063 INFO waiting for dramatiq to die
2025-02-05 11:07:05,146 INFO stopped: dramatiq (exit status 0)
2025-02-05 11:07:22,136 CRIT Supervisor is running as root.  Privileges were not dropped because no user is specified in the config file.  If you intend to run as root, you can set user=root in the config file to avoid this message.
2025-02-05 11:07:22,144 INFO RPC interface 'supervisor' initialized
2025-02-05 11:07:22,145 CRIT Server 'inet_http_server' running without any HTTP authentication checking
2025-02-05 11:07:22,145 INFO supervisord started with pid 1
2025-02-05 11:07:23,156 INFO spawned: 'dramatiq' with pid 107
2025-02-05 11:07:23,160 INFO spawned: 'gunicorn' with pid 108
2025-02-05 11:07:23,162 INFO spawned: 'nginx' with pid 109
2025-02-05 11:07:28,275 INFO success: dramatiq entered RUNNING state, process has stayed up for > than 5 seconds (startsecs)
2025-02-05 11:07:28,277 INFO success: gunicorn entered RUNNING state, process has stayed up for > than 5 seconds (startsecs)
2025-02-05 11:07:28,277 INFO success: nginx entered RUNNING state, process has stayed up for > than 5 seconds (startsecs)
2025-02-05 11:22:56,083 WARN received SIGTERM indicating exit request
2025-02-05 11:22:56,084 INFO waiting for dramatiq, gunicorn, nginx to die
2025-02-05 11:22:57,133 INFO stopped: nginx (exit status 0)
2025-02-05 11:22:58,296 INFO stopped: gunicorn (exit status 0)
2025-02-05 11:22:59,105 INFO waiting for dramatiq to die
2025-02-05 11:23:00,864 INFO stopped: dramatiq (exit status 0)
2025-02-05 11:24:15,118 CRIT Supervisor is running as root.  Privileges were not dropped because no user is specified in the config file.  If you intend to run as root, you can set user=root in the config file to avoid this message.
2025-02-05 11:24:15,126 INFO RPC interface 'supervisor' initialized
2025-02-05 11:24:15,126 CRIT Server 'inet_http_server' running without any HTTP authentication checking
2025-02-05 11:24:15,126 INFO supervisord started with pid 1
2025-02-05 11:24:16,134 INFO spawned: 'dramatiq' with pid 107
2025-02-05 11:24:16,137 INFO spawned: 'gunicorn' with pid 108
2025-02-05 11:24:16,138 INFO spawned: 'nginx' with pid 109
2025-02-05 11:24:21,422 INFO success: dramatiq entered RUNNING state, process has stayed up for > than 5 seconds (startsecs)
2025-02-05 11:24:21,422 INFO success: gunicorn entered RUNNING state, process has stayed up for > than 5 seconds (startsecs)
2025-02-05 11:24:21,422 INFO success: nginx entered RUNNING state, process has stayed up for > than 5 seconds (startsecs)
2025-02-05 12:09:51,330 WARN received SIGTERM indicating exit request
2025-02-05 12:09:51,332 INFO waiting for dramatiq, gunicorn, nginx to die
2025-02-05 12:09:51,384 INFO stopped: nginx (exit status 0)
2025-02-05 12:09:52,535 INFO stopped: gunicorn (exit status 0)
2025-02-05 12:09:54,347 INFO waiting for dramatiq to die
2025-02-05 12:09:55,367 INFO stopped: dramatiq (exit status 0)
2025-02-05 14:45:08,809 CRIT Supervisor is running as root.  Privileges were not dropped because no user is specified in the config file.  If you intend to run as root, you can set user=root in the config file to avoid this message.
2025-02-05 14:45:08,818 INFO RPC interface 'supervisor' initialized
2025-02-05 14:45:08,819 CRIT Server 'inet_http_server' running without any HTTP authentication checking
2025-02-05 14:45:08,819 INFO supervisord started with pid 1
2025-02-05 14:45:09,825 INFO spawned: 'dramatiq' with pid 107
2025-02-05 14:45:09,830 INFO spawned: 'gunicorn' with pid 108
2025-02-05 14:45:09,833 INFO spawned: 'nginx' with pid 109
2025-02-05 14:45:15,207 INFO success: dramatiq entered RUNNING state, process has stayed up for > than 5 seconds (startsecs)
2025-02-05 14:45:15,208 INFO success: gunicorn entered RUNNING state, process has stayed up for > than 5 seconds (startsecs)
2025-02-05 14:45:15,209 INFO success: nginx entered RUNNING state, process has stayed up for > than 5 seconds (startsecs)
2025-02-05 14:45:30,714 WARN received SIGTERM indicating exit request
2025-02-05 14:45:30,714 INFO waiting for dramatiq, gunicorn, nginx to die
2025-02-05 14:45:31,036 INFO stopped: nginx (exit status 0)
2025-02-05 14:45:32,091 INFO stopped: gunicorn (exit status 0)
2025-02-05 14:45:33,830 INFO waiting for dramatiq to die
2025-02-05 14:45:35,087 INFO stopped: dramatiq (exit status 0)
2025-02-06 10:17:41,755 CRIT Supervisor is running as root.  Privileges were not dropped because no user is specified in the config file.  If you intend to run as root, you can set user=root in the config file to avoid this message.
2025-02-06 10:17:41,766 INFO RPC interface 'supervisor' initialized
2025-02-06 10:17:41,766 CRIT Server 'inet_http_server' running without any HTTP authentication checking
2025-02-06 10:17:41,766 INFO supervisord started with pid 1
2025-02-06 10:17:42,777 INFO spawned: 'dramatiq' with pid 107
2025-02-06 10:17:42,782 INFO spawned: 'gunicorn' with pid 108
2025-02-06 10:17:42,785 INFO spawned: 'nginx' with pid 109
2025-02-06 10:17:47,934 INFO success: dramatiq entered RUNNING state, process has stayed up for > than 5 seconds (startsecs)
2025-02-06 10:17:47,935 INFO success: gunicorn entered RUNNING state, process has stayed up for > than 5 seconds (startsecs)
2025-02-06 10:17:47,936 INFO success: nginx entered RUNNING state, process has stayed up for > than 5 seconds (startsecs)
2025-02-06 10:25:19,851 WARN received SIGTERM indicating exit request
2025-02-06 10:25:19,853 INFO waiting for dramatiq, gunicorn, nginx to die
2025-02-06 10:25:20,318 INFO stopped: nginx (exit status 0)
2025-02-06 10:25:21,465 INFO stopped: gunicorn (exit status 0)
2025-02-06 10:25:22,855 INFO waiting for dramatiq to die
2025-02-06 10:25:24,434 INFO stopped: dramatiq (exit status 0)
2025-02-06 10:26:12,984 CRIT Supervisor is running as root.  Privileges were not dropped because no user is specified in the config file.  If you intend to run as root, you can set user=root in the config file to avoid this message.
2025-02-06 10:26:12,992 INFO RPC interface 'supervisor' initialized
2025-02-06 10:26:12,992 CRIT Server 'inet_http_server' running without any HTTP authentication checking
2025-02-06 10:26:12,992 INFO supervisord started with pid 1
2025-02-06 10:26:14,003 INFO spawned: 'dramatiq' with pid 30
2025-02-06 10:26:14,007 INFO spawned: 'gunicorn' with pid 31
2025-02-06 10:26:14,010 INFO spawned: 'nginx' with pid 32
2025-02-06 10:26:19,876 INFO success: dramatiq entered RUNNING state, process has stayed up for > than 5 seconds (startsecs)
2025-02-06 10:26:19,876 INFO success: gunicorn entered RUNNING state, process has stayed up for > than 5 seconds (startsecs)
2025-02-06 10:26:19,877 INFO success: nginx entered RUNNING state, process has stayed up for > than 5 seconds (startsecs)
2025-02-06 10:59:32,312 WARN received SIGTERM indicating exit request
2025-02-06 10:59:32,313 INFO waiting for dramatiq, gunicorn, nginx to die
2025-02-06 10:59:33,298 INFO stopped: nginx (exit status 0)
2025-02-06 10:59:34,435 INFO stopped: gunicorn (exit status 0)
2025-02-06 10:59:35,322 INFO waiting for dramatiq to die
2025-02-06 10:59:37,356 INFO stopped: dramatiq (exit status 0)
2025-02-06 11:13:02,229 CRIT Supervisor is running as root.  Privileges were not dropped because no user is specified in the config file.  If you intend to run as root, you can set user=root in the config file to avoid this message.
2025-02-06 11:13:02,240 INFO RPC interface 'supervisor' initialized
2025-02-06 11:13:02,240 CRIT Server 'inet_http_server' running without any HTTP authentication checking
2025-02-06 11:13:02,240 INFO supervisord started with pid 1
2025-02-06 11:13:03,250 INFO spawned: 'dramatiq' with pid 111
2025-02-06 11:13:03,253 INFO spawned: 'gunicorn' with pid 112
2025-02-06 11:13:03,256 INFO spawned: 'nginx' with pid 113
2025-02-06 11:13:08,549 INFO success: dramatiq entered RUNNING state, process has stayed up for > than 5 seconds (startsecs)
2025-02-06 11:13:08,550 INFO success: gunicorn entered RUNNING state, process has stayed up for > than 5 seconds (startsecs)
2025-02-06 11:13:08,550 INFO success: nginx entered RUNNING state, process has stayed up for > than 5 seconds (startsecs)
2025-02-06 11:24:54,521 WARN received SIGTERM indicating exit request
2025-02-06 11:24:54,522 INFO waiting for dramatiq, gunicorn, nginx to die
2025-02-06 11:24:54,582 INFO stopped: nginx (exit status 0)
2025-02-06 11:24:55,726 INFO stopped: gunicorn (exit status 0)
2025-02-06 11:24:58,222 INFO stopped: dramatiq (exit status 0)
2025-02-06 11:25:15,939 CRIT Supervisor is running as root.  Privileges were not dropped because no user is specified in the config file.  If you intend to run as root, you can set user=root in the config file to avoid this message.
2025-02-06 11:25:15,947 INFO RPC interface 'supervisor' initialized
2025-02-06 11:25:15,947 CRIT Server 'inet_http_server' running without any HTTP authentication checking
2025-02-06 11:25:15,947 INFO supervisord started with pid 1
2025-02-06 11:25:16,951 INFO spawned: 'dramatiq' with pid 117
2025-02-06 11:25:16,953 INFO spawned: 'gunicorn' with pid 118
2025-02-06 11:25:16,954 INFO spawned: 'nginx' with pid 119
2025-02-06 11:25:22,090 INFO success: dramatiq entered RUNNING state, process has stayed up for > than 5 seconds (startsecs)
2025-02-06 11:25:22,091 INFO success: gunicorn entered RUNNING state, process has stayed up for > than 5 seconds (startsecs)
2025-02-06 11:25:22,091 INFO success: nginx entered RUNNING state, process has stayed up for > than 5 seconds (startsecs)
2025-02-06 11:29:42,653 WARN received SIGTERM indicating exit request
2025-02-06 11:29:42,655 INFO waiting for dramatiq, gunicorn, nginx to die
2025-02-06 11:29:42,701 INFO stopped: nginx (exit status 0)
2025-02-06 11:29:43,849 INFO stopped: gunicorn (exit status 0)
2025-02-06 11:29:45,741 INFO waiting for dramatiq to die
2025-02-06 11:29:46,759 INFO stopped: dramatiq (exit status 0)
2025-02-06 11:30:24,219 CRIT Supervisor is running as root.  Privileges were not dropped because no user is specified in the config file.  If you intend to run as root, you can set user=root in the config file to avoid this message.
2025-02-06 11:30:24,228 INFO RPC interface 'supervisor' initialized
2025-02-06 11:30:24,229 CRIT Server 'inet_http_server' running without any HTTP authentication checking
2025-02-06 11:30:24,229 INFO supervisord started with pid 1
2025-02-06 11:30:25,239 INFO spawned: 'dramatiq' with pid 111
2025-02-06 11:30:25,242 INFO spawned: 'gunicorn' with pid 112
2025-02-06 11:30:25,244 INFO spawned: 'nginx' with pid 113
2025-02-06 11:30:30,363 INFO success: dramatiq entered RUNNING state, process has stayed up for > than 5 seconds (startsecs)
2025-02-06 11:30:30,365 INFO success: gunicorn entered RUNNING state, process has stayed up for > than 5 seconds (startsecs)
2025-02-06 11:30:30,365 INFO success: nginx entered RUNNING state, process has stayed up for > than 5 seconds (startsecs)
2025-02-06 11:34:02,089 WARN received SIGTERM indicating exit request
2025-02-06 11:34:02,090 INFO waiting for dramatiq, gunicorn, nginx to die
2025-02-06 11:34:02,129 INFO stopped: nginx (exit status 0)
2025-02-06 11:34:03,271 INFO stopped: gunicorn (exit status 0)
2025-02-06 11:34:06,080 INFO waiting for dramatiq to die
2025-02-06 11:34:06,099 INFO stopped: dramatiq (exit status 0)
2025-02-06 11:34:23,676 CRIT Supervisor is running as root.  Privileges were not dropped because no user is specified in the config file.  If you intend to run as root, you can set user=root in the config file to avoid this message.
2025-02-06 11:34:23,684 INFO RPC interface 'supervisor' initialized
2025-02-06 11:34:23,684 CRIT Server 'inet_http_server' running without any HTTP authentication checking
2025-02-06 11:34:23,685 INFO supervisord started with pid 1
2025-02-06 11:34:24,691 INFO spawned: 'dramatiq' with pid 110
2025-02-06 11:34:24,693 INFO spawned: 'gunicorn' with pid 111
2025-02-06 11:34:24,694 INFO spawned: 'nginx' with pid 112
2025-02-06 11:34:29,929 INFO success: dramatiq entered RUNNING state, process has stayed up for > than 5 seconds (startsecs)
2025-02-06 11:34:29,930 INFO success: gunicorn entered RUNNING state, process has stayed up for > than 5 seconds (startsecs)
2025-02-06 11:34:29,930 INFO success: nginx entered RUNNING state, process has stayed up for > than 5 seconds (startsecs)
2025-02-06 11:41:10,841 WARN received SIGTERM indicating exit request
2025-02-06 11:41:10,842 INFO waiting for dramatiq, gunicorn, nginx to die
2025-02-06 11:41:10,901 INFO stopped: nginx (exit status 0)
2025-02-06 11:41:12,047 INFO stopped: gunicorn (exit status 0)
2025-02-06 11:41:13,856 INFO waiting for dramatiq to die
2025-02-06 11:41:14,976 INFO stopped: dramatiq (exit status 0)
2025-02-06 11:41:32,003 CRIT Supervisor is running as root.  Privileges were not dropped because no user is specified in the config file.  If you intend to run as root, you can set user=root in the config file to avoid this message.
2025-02-06 11:41:32,012 INFO RPC interface 'supervisor' initialized
2025-02-06 11:41:32,012 CRIT Server 'inet_http_server' running without any HTTP authentication checking
2025-02-06 11:41:32,012 INFO supervisord started with pid 1
2025-02-06 11:41:33,016 INFO spawned: 'dramatiq' with pid 110
2025-02-06 11:41:33,018 INFO spawned: 'gunicorn' with pid 111
2025-02-06 11:41:33,020 INFO spawned: 'nginx' with pid 112
2025-02-06 11:41:38,123 INFO success: dramatiq entered RUNNING state, process has stayed up for > than 5 seconds (startsecs)
2025-02-06 11:41:38,123 INFO success: gunicorn entered RUNNING state, process has stayed up for > than 5 seconds (startsecs)
2025-02-06 11:41:38,123 INFO success: nginx entered RUNNING state, process has stayed up for > than 5 seconds (startsecs)
2025-02-06 11:44:31,276 WARN received SIGTERM indicating exit request
2025-02-06 11:44:31,277 INFO waiting for dramatiq, gunicorn, nginx to die
2025-02-06 11:44:32,339 INFO stopped: nginx (exit status 0)
2025-02-06 11:44:33,495 INFO stopped: gunicorn (exit status 0)
2025-02-06 11:44:34,427 INFO waiting for dramatiq to die
2025-02-06 11:44:36,512 INFO stopped: dramatiq (exit status 0)
2025-02-06 11:44:53,510 CRIT Supervisor is running as root.  Privileges were not dropped because no user is specified in the config file.  If you intend to run as root, you can set user=root in the config file to avoid this message.
2025-02-06 11:44:53,519 INFO RPC interface 'supervisor' initialized
2025-02-06 11:44:53,519 CRIT Server 'inet_http_server' running without any HTTP authentication checking
2025-02-06 11:44:53,519 INFO supervisord started with pid 1
2025-02-06 11:44:54,529 INFO spawned: 'dramatiq' with pid 110
2025-02-06 11:44:54,531 INFO spawned: 'gunicorn' with pid 111
2025-02-06 11:44:54,532 INFO spawned: 'nginx' with pid 112
2025-02-06 11:44:59,573 INFO success: dramatiq entered RUNNING state, process has stayed up for > than 5 seconds (startsecs)
2025-02-06 11:44:59,573 INFO success: gunicorn entered RUNNING state, process has stayed up for > than 5 seconds (startsecs)
2025-02-06 11:44:59,573 INFO success: nginx entered RUNNING state, process has stayed up for > than 5 seconds (startsecs)
2025-02-06 11:47:36,909 WARN received SIGTERM indicating exit request
2025-02-06 11:47:36,909 INFO waiting for dramatiq, gunicorn, nginx to die
2025-02-06 11:47:36,960 INFO stopped: nginx (exit status 0)
2025-02-06 11:47:38,099 INFO stopped: gunicorn (exit status 0)
2025-02-06 11:47:39,969 INFO waiting for dramatiq to die
2025-02-06 11:47:41,007 INFO stopped: dramatiq (exit status 0)
2025-02-06 11:47:58,455 CRIT Supervisor is running as root.  Privileges were not dropped because no user is specified in the config file.  If you intend to run as root, you can set user=root in the config file to avoid this message.
2025-02-06 11:47:58,464 INFO RPC interface 'supervisor' initialized
2025-02-06 11:47:58,464 CRIT Server 'inet_http_server' running without any HTTP authentication checking
2025-02-06 11:47:58,465 INFO supervisord started with pid 1
2025-02-06 11:47:59,468 INFO spawned: 'dramatiq' with pid 116
2025-02-06 11:47:59,469 INFO spawned: 'gunicorn' with pid 117
2025-02-06 11:47:59,470 INFO spawned: 'nginx' with pid 118
2025-02-06 11:48:04,693 INFO success: dramatiq entered RUNNING state, process has stayed up for > than 5 seconds (startsecs)
2025-02-06 11:48:04,695 INFO success: gunicorn entered RUNNING state, process has stayed up for > than 5 seconds (startsecs)
2025-02-06 11:48:04,695 INFO success: nginx entered RUNNING state, process has stayed up for > than 5 seconds (startsecs)
2025-02-06 11:50:58,461 WARN received SIGTERM indicating exit request
2025-02-06 11:50:58,462 INFO waiting for dramatiq, gunicorn, nginx to die
2025-02-06 11:50:58,517 INFO stopped: nginx (exit status 0)
2025-02-06 11:50:59,663 INFO stopped: gunicorn (exit status 0)
2025-02-06 11:51:02,276 INFO waiting for dramatiq to die
2025-02-06 11:51:02,296 INFO stopped: dramatiq (exit status 0)
2025-02-06 11:51:21,417 CRIT Supervisor is running as root.  Privileges were not dropped because no user is specified in the config file.  If you intend to run as root, you can set user=root in the config file to avoid this message.
2025-02-06 11:51:21,426 INFO RPC interface 'supervisor' initialized
2025-02-06 11:51:21,426 CRIT Server 'inet_http_server' running without any HTTP authentication checking
2025-02-06 11:51:21,426 INFO supervisord started with pid 1
2025-02-06 11:51:22,438 INFO spawned: 'dramatiq' with pid 110
2025-02-06 11:51:22,442 INFO spawned: 'gunicorn' with pid 111
2025-02-06 11:51:22,443 INFO spawned: 'nginx' with pid 112
2025-02-06 11:51:27,853 INFO success: dramatiq entered RUNNING state, process has stayed up for > than 5 seconds (startsecs)
2025-02-06 11:51:27,854 INFO success: gunicorn entered RUNNING state, process has stayed up for > than 5 seconds (startsecs)
2025-02-06 11:51:27,854 INFO success: nginx entered RUNNING state, process has stayed up for > than 5 seconds (startsecs)
2025-02-06 11:57:10,383 WARN received SIGTERM indicating exit request
2025-02-06 11:57:10,384 INFO waiting for dramatiq, gunicorn, nginx to die
2025-02-06 11:57:10,442 INFO stopped: nginx (exit status 0)
2025-02-06 11:57:11,595 INFO stopped: gunicorn (exit status 0)
2025-02-06 11:57:13,958 INFO waiting for dramatiq to die
2025-02-06 11:57:13,988 INFO stopped: dramatiq (exit status 0)
2025-02-06 11:57:31,312 CRIT Supervisor is running as root.  Privileges were not dropped because no user is specified in the config file.  If you intend to run as root, you can set user=root in the config file to avoid this message.
2025-02-06 11:57:31,321 INFO RPC interface 'supervisor' initialized
2025-02-06 11:57:31,321 CRIT Server 'inet_http_server' running without any HTTP authentication checking
2025-02-06 11:57:31,322 INFO supervisord started with pid 1
2025-02-06 11:57:32,336 INFO spawned: 'dramatiq' with pid 110
2025-02-06 11:57:32,337 INFO spawned: 'gunicorn' with pid 111
2025-02-06 11:57:32,339 INFO spawned: 'nginx' with pid 112
2025-02-06 11:57:37,778 INFO success: dramatiq entered RUNNING state, process has stayed up for > than 5 seconds (startsecs)
2025-02-06 11:57:37,779 INFO success: gunicorn entered RUNNING state, process has stayed up for > than 5 seconds (startsecs)
2025-02-06 11:57:37,779 INFO success: nginx entered RUNNING state, process has stayed up for > than 5 seconds (startsecs)
2025-02-06 12:00:52,590 WARN received SIGTERM indicating exit request
2025-02-06 12:00:52,591 INFO waiting for dramatiq, gunicorn, nginx to die
2025-02-06 12:00:52,784 INFO stopped: nginx (exit status 0)
2025-02-06 12:00:53,836 INFO stopped: gunicorn (exit status 0)
2025-02-06 12:00:56,349 INFO waiting for dramatiq to die
2025-02-06 12:00:56,372 INFO stopped: dramatiq (exit status 0)
2025-02-06 12:01:13,740 CRIT Supervisor is running as root.  Privileges were not dropped because no user is specified in the config file.  If you intend to run as root, you can set user=root in the config file to avoid this message.
2025-02-06 12:01:13,749 INFO RPC interface 'supervisor' initialized
2025-02-06 12:01:13,749 CRIT Server 'inet_http_server' running without any HTTP authentication checking
2025-02-06 12:01:13,749 INFO supervisord started with pid 1
2025-02-06 12:01:14,529 INFO spawned: 'dramatiq' with pid 115
2025-02-06 12:01:14,530 INFO spawned: 'gunicorn' with pid 116
2025-02-06 12:01:14,532 INFO spawned: 'nginx' with pid 117
2025-02-06 12:01:19,577 INFO success: dramatiq entered RUNNING state, process has stayed up for > than 5 seconds (startsecs)
2025-02-06 12:01:19,577 INFO success: gunicorn entered RUNNING state, process has stayed up for > than 5 seconds (startsecs)
2025-02-06 12:01:19,577 INFO success: nginx entered RUNNING state, process has stayed up for > than 5 seconds (startsecs)
